— EXCEPTION —
Exception Code: websharks_core_v000000_dev\framework::check_arg_types#invalid_args
Exception Line #: 1332
Exception File: E:\WebSharks\core\websharks-core\classes\websharks-core-v000000-dev\framework.php
Exception Time: Sun Mar 17th, 2013 @ precisely 8:30 am UTC
Memory Details: Memory 9.02 MB :: Real Memory 9.5 MB :: Peak Memory 9.04 MB :: Real Peak Memory 9.5 MB
Version Details: PHP v5.4.12 :: WordPress® v3.5.1 :: WebSharks™ Core v000000-dev
Current User ID: 0
Current User Email: 
Exception Message: Argument #1 passed to `websharks_core_v000000_dev\strings->to_hex` requires `string`, empty `boolean` given. Got: `array::a8cf63fecab3eb3edf6760bc02f258a6
	(
		[0] => FALSE
	)`.

Exception Stack Trace: #0 E:\WebSharks\core\websharks-core\classes\websharks-core-v000000-dev\framework.php(1720): websharks_core_v000000_dev\framework->__call('??exception', Array)
#1 E:\WebSharks\core\websharks-core\classes\websharks-core-v000000-dev\framework.php(1720): websharks_core_v000000_dev\strings->©exception('websharks_core_...', Array, 'Argument #1 pas...')
#2 E:\WebSharks\core\websharks-core\classes\websharks-core-v000000-dev\strings.php(2551): websharks_core_v000000_dev\framework->check_arg_types('string', Array)
#3 E:\WebSharks\core\._dev-utilities\xdebug-tests\test.php(12): websharks_core_v000000_dev\strings->to_hex(false)
#4 E:\WebSharks\core\._dev-utilities\xdebug.php(45): include_once('E:\WebSharks\co...')
#5 {main}

Exception Data (if applicable): array::61df6ce0b15a648c3bbcc79a79bbfb9b
	(
		['arg_type_hints'] => array::eb728b57c16e217f7d4845dfcea7b937
			(
				[0] => 'string'
			)
		['args']           => array::a8cf63fecab3eb3edf6760bc02f258a6
			(
				[0] => FALSE
			)
		['required_args']  => 0
	)

— EXCEPTION —
Exception Code: websharks_core_v000000_dev\styles::register#url_missing
Exception Line #: 1332
Exception File: E:\WebSharks\core\websharks-core\classes\websharks-core-v000000-dev\framework.php
Exception Time: Sun Mar 17th, 2013 @ precisely 8:30 am UTC
Memory Details: Memory 10.17 MB :: Real Memory 10.25 MB :: Peak Memory 10.19 MB :: Real Peak Memory 10.25 MB
Version Details: PHP v5.4.12 :: WordPress® v3.5.1 :: WebSharks™ Core v000000-dev
Current User ID: 0
Current User Email: 
Exception Message: Invalid style configuration. Missing and/or invalid `url`. Problematic style handle: `ws-core-libs`.

Exception Stack Trace: #0 E:\WebSharks\core\websharks-core\classes\websharks-core-v000000-dev\styles.php(195): websharks_core_v000000_dev\framework->__call('??exception', Array)
#1 E:\WebSharks\core\websharks-core\classes\websharks-core-v000000-dev\styles.php(195): websharks_core_v000000_dev\styles->©exception('websharks_core_...', Array, 'Invalid style c...')
#2 E:\WebSharks\core\websharks-core\classes\websharks-core-v000000-dev\styles.php(106): websharks_core_v000000_dev\styles->register(Array)
#3 E:\WebSharks\core\websharks-core\classes\websharks-core-v000000-dev\framework.php(1180): websharks_core_v000000_dev\styles->__construct(Object(websharks_core_v000000_dev\templates))
#4 E:\WebSharks\core\websharks-core\classes\websharks-core-v000000-dev\templates.php(137): websharks_core_v000000_dev\framework->__get('??styles')
#5 E:\WebSharks\core\websharks-core\templates\exception.php(34): websharks_core_v000000_dev\templates->stand_alone_styles()
#6 E:\WebSharks\core\websharks-core\classes\websharks-core-v000000-dev\templates.php(692): include('E:\WebSharks\co...')
#7 E:\WebSharks\core\websharks-core\classes\websharks-core-v000000-dev\templates.php(116): websharks_core_v000000_dev\templates->parse_content()
#8 E:\WebSharks\core\websharks-core\classes\websharks-core-v000000-dev\framework.php(1330): websharks_core_v000000_dev\templates->__construct(Object(websharks_core_v000000_dev\framework), 'exception.php', Array)
#9 E:\WebSharks\core\websharks-core\classes\websharks-core-v000000-dev\exception-handler.php(82): websharks_core_v000000_dev\framework->__call('??template', Array)
#10 E:\WebSharks\core\websharks-core\classes\websharks-core-v000000-dev\exception-handler.php(82): websharks_core_v000000_dev\framework->©template('exception.php', Array)
#11 E:\WebSharks\core\websharks-core\classes\websharks-core-v000000-dev\exception-handler.php(61): websharks_core_v000000_dev\exception_handler::handle_plugin_exception()
#12 [internal function]: websharks_core_v000000_dev\exception_handler::handle(Object(websharks_core_v000000_dev\exception))
#13 {main}

Exception Data (if applicable): array::c0166a6fb8c22e9e1cf7b05726f6dc53
	(
		['styles']  => array::e0fe4542bd4e11e3b5ef6c929652e49c
			(
				['ws-core-libs'] => array::7b5617ddbf48d5abaec0847246b44762
					(
						['url'] => ''
						['ver'] => 'websharks-core-v000000-dev'
					)
			)
		['_handle'] => 'ws-core-libs'
		['_style']  => array::7b5617ddbf48d5abaec0847246b44762
			(
				['url'] => ''
				['ver'] => 'websharks-core-v000000-dev'
			)
	)

— EXCEPTION —
Exception Code: websharks_core_v000000_dev\framework::check_arg_types#invalid_args
Exception Line #: 1332
Exception File: E:\WebSharks\core\websharks-core\classes\websharks-core-v000000-dev\framework.php
Exception Time: Sun Mar 17th, 2013 @ precisely 8:30 am UTC
Memory Details: Memory 9.02 MB :: Real Memory 9.25 MB :: Peak Memory 9.04 MB :: Real Peak Memory 9.25 MB
Version Details: PHP v5.4.12 :: WordPress® v3.5.1 :: WebSharks™ Core v000000-dev
Current User ID: 0
Current User Email: 
Exception Message: Argument #1 passed to `websharks_core_v000000_dev\strings->to_hex` requires `string`, empty `boolean` given. Got: `array::a8cf63fecab3eb3edf6760bc02f258a6
	(
		[0] => FALSE
	)`.

Exception Stack Trace: #0 E:\WebSharks\core\websharks-core\classes\websharks-core-v000000-dev\framework.php(1720): websharks_core_v000000_dev\framework->__call('??exception', Array)
#1 E:\WebSharks\core\websharks-core\classes\websharks-core-v000000-dev\framework.php(1720): websharks_core_v000000_dev\strings->©exception('websharks_core_...', Array, 'Argument #1 pas...')
#2 E:\WebSharks\core\websharks-core\classes\websharks-core-v000000-dev\strings.php(2551): websharks_core_v000000_dev\framework->check_arg_types('string', Array)
#3 E:\WebSharks\core\._dev-utilities\xdebug-tests\test.php(12): websharks_core_v000000_dev\strings->to_hex(false)
#4 E:\WebSharks\core\._dev-utilities\xdebug.php(45): include_once('E:\WebSharks\co...')
#5 {main}

Exception Data (if applicable): array::61df6ce0b15a648c3bbcc79a79bbfb9b
	(
		['arg_type_hints'] => array::eb728b57c16e217f7d4845dfcea7b937
			(
				[0] => 'string'
			)
		['args']           => array::a8cf63fecab3eb3edf6760bc02f258a6
			(
				[0] => FALSE
			)
		['required_args']  => 0
	)

— EXCEPTION —
Exception Code: websharks_core_v000000_dev\styles::register#url_missing
Exception Line #: 1332
Exception File: E:\WebSharks\core\websharks-core\classes\websharks-core-v000000-dev\framework.php
Exception Time: Sun Mar 17th, 2013 @ precisely 8:30 am UTC
Memory Details: Memory 10.17 MB :: Real Memory 10.25 MB :: Peak Memory 10.19 MB :: Real Peak Memory 10.25 MB
Version Details: PHP v5.4.12 :: WordPress® v3.5.1 :: WebSharks™ Core v000000-dev
Current User ID: 0
Current User Email: 
Exception Message: Invalid style configuration. Missing and/or invalid `url`. Problematic style handle: `ws-core-libs`.

Exception Stack Trace: #0 E:\WebSharks\core\websharks-core\classes\websharks-core-v000000-dev\styles.php(195): websharks_core_v000000_dev\framework->__call('??exception', Array)
#1 E:\WebSharks\core\websharks-core\classes\websharks-core-v000000-dev\styles.php(195): websharks_core_v000000_dev\styles->©exception('websharks_core_...', Array, 'Invalid style c...')
#2 E:\WebSharks\core\websharks-core\classes\websharks-core-v000000-dev\styles.php(106): websharks_core_v000000_dev\styles->register(Array)
#3 E:\WebSharks\core\websharks-core\classes\websharks-core-v000000-dev\framework.php(1180): websharks_core_v000000_dev\styles->__construct(Object(websharks_core_v000000_dev\templates))
#4 E:\WebSharks\core\websharks-core\classes\websharks-core-v000000-dev\templates.php(137): websharks_core_v000000_dev\framework->__get('??styles')
#5 E:\WebSharks\core\websharks-core\templates\exception.php(34): websharks_core_v000000_dev\templates->stand_alone_styles()
#6 E:\WebSharks\core\websharks-core\classes\websharks-core-v000000-dev\templates.php(692): include('E:\WebSharks\co...')
#7 E:\WebSharks\core\websharks-core\classes\websharks-core-v000000-dev\templates.php(116): websharks_core_v000000_dev\templates->parse_content()
#8 E:\WebSharks\core\websharks-core\classes\websharks-core-v000000-dev\framework.php(1330): websharks_core_v000000_dev\templates->__construct(Object(websharks_core_v000000_dev\framework), 'exception.php', Array)
#9 E:\WebSharks\core\websharks-core\classes\websharks-core-v000000-dev\exception-handler.php(82): websharks_core_v000000_dev\framework->__call('??template', Array)
#10 E:\WebSharks\core\websharks-core\classes\websharks-core-v000000-dev\exception-handler.php(82): websharks_core_v000000_dev\framework->©template('exception.php', Array)
#11 E:\WebSharks\core\websharks-core\classes\websharks-core-v000000-dev\exception-handler.php(61): websharks_core_v000000_dev\exception_handler::handle_plugin_exception()
#12 [internal function]: websharks_core_v000000_dev\exception_handler::handle(Object(websharks_core_v000000_dev\exception))
#13 {main}

Exception Data (if applicable): array::c0166a6fb8c22e9e1cf7b05726f6dc53
	(
		['styles']  => array::e0fe4542bd4e11e3b5ef6c929652e49c
			(
				['ws-core-libs'] => array::7b5617ddbf48d5abaec0847246b44762
					(
						['url'] => ''
						['ver'] => 'websharks-core-v000000-dev'
					)
			)
		['_handle'] => 'ws-core-libs'
		['_style']  => array::7b5617ddbf48d5abaec0847246b44762
			(
				['url'] => ''
				['ver'] => 'websharks-core-v000000-dev'
			)
	)

